0 info it worked if it ends with ok
1 verbose cli [ '/Users/peteregan/.meteor/packages/meteor-tool/.1.4.2_3.2fydw3++os.osx.x86_64+web.browser+web.cordova/mt-os.osx.x86_64/dev_bundle/bin/node',
1 verbose cli   '/Users/peteregan/.meteor/packages/meteor-tool/.1.4.2_3.2fydw3++os.osx.x86_64+web.browser+web.cordova/mt-os.osx.x86_64/dev_bundle/bin/npm',
1 verbose cli   'install',
1 verbose cli   '--save',
1 verbose cli   'bcrypt' ]
2 info using npm@3.10.9
3 info using node@v4.6.2
4 silly loadCurrentTree Starting
5 silly install loadCurrentTree
6 silly install readLocalPackageData
7 silly fetchPackageMetaData bcrypt
8 silly fetchNamedPackageData bcrypt
9 silly mapToRegistry name bcrypt
10 silly mapToRegistry using default registry
11 silly mapToRegistry registry https://registry.npmjs.org/
12 silly mapToRegistry data Result {
12 silly mapToRegistry   raw: 'bcrypt',
12 silly mapToRegistry   scope: null,
12 silly mapToRegistry   escapedName: 'bcrypt',
12 silly mapToRegistry   name: 'bcrypt',
12 silly mapToRegistry   rawSpec: '',
12 silly mapToRegistry   spec: 'latest',
12 silly mapToRegistry   type: 'tag' }
13 silly mapToRegistry uri https://registry.npmjs.org/bcrypt
14 verbose request uri https://registry.npmjs.org/bcrypt
15 verbose request no auth needed
16 info attempt registry request try #1 at 10:58:36 AM
17 verbose request id 1c449c334084ecb1
18 http request GET https://registry.npmjs.org/bcrypt
19 http 200 https://registry.npmjs.org/bcrypt
20 verbose headers { server: 'nginx/1.10.1',
20 verbose headers   'content-type': 'application/json',
20 verbose headers   'last-modified': 'Sun, 20 Nov 2016 10:27:29 GMT',
20 verbose headers   etag: 'W/"58317a91-1425d"',
20 verbose headers   'content-encoding': 'gzip',
20 verbose headers   'cache-control': 'max-age=300',
20 verbose headers   'content-length': '9947',
20 verbose headers   'accept-ranges': 'bytes',
20 verbose headers   date: 'Sun, 20 Nov 2016 18:58:37 GMT',
20 verbose headers   via: '1.1 varnish',
20 verbose headers   age: '0',
20 verbose headers   connection: 'keep-alive',
20 verbose headers   'x-served-by': 'cache-lax8631-LAX',
20 verbose headers   'x-cache': 'HIT',
20 verbose headers   'x-cache-hits': '1',
20 verbose headers   'x-timer': 'S1479668317.572059,VS0,VE165',
20 verbose headers   vary: 'Accept-Encoding' }
21 silly get cb [ 200,
21 silly get   { server: 'nginx/1.10.1',
21 silly get     'content-type': 'application/json',
21 silly get     'last-modified': 'Sun, 20 Nov 2016 10:27:29 GMT',
21 silly get     etag: 'W/"58317a91-1425d"',
21 silly get     'content-encoding': 'gzip',
21 silly get     'cache-control': 'max-age=300',
21 silly get     'content-length': '9947',
21 silly get     'accept-ranges': 'bytes',
21 silly get     date: 'Sun, 20 Nov 2016 18:58:37 GMT',
21 silly get     via: '1.1 varnish',
21 silly get     age: '0',
21 silly get     connection: 'keep-alive',
21 silly get     'x-served-by': 'cache-lax8631-LAX',
21 silly get     'x-cache': 'HIT',
21 silly get     'x-cache-hits': '1',
21 silly get     'x-timer': 'S1479668317.572059,VS0,VE165',
21 silly get     vary: 'Accept-Encoding' } ]
22 verbose get saving bcrypt to /Users/peteregan/.npm/registry.npmjs.org/bcrypt/.cache.json
23 verbose correctMkdir /Users/peteregan/.npm correctMkdir not in flight; initializing
24 silly install normalizeTree
25 silly loadCurrentTree Finishing
26 silly loadIdealTree Starting
27 silly install loadIdealTree
28 silly cloneCurrentTree Starting
29 silly install cloneCurrentTreeToIdealTree
30 silly cloneCurrentTree Finishing
31 silly loadShrinkwrap Starting
32 silly install loadShrinkwrap
33 silly loadShrinkwrap Finishing
34 silly loadAllDepsIntoIdealTree Starting
35 silly install loadAllDepsIntoIdealTree
36 silly resolveWithNewModule bcrypt@0.8.7 checking installable status
37 silly cache add args [ 'bcrypt', null ]
38 verbose cache add spec bcrypt
39 silly cache add parsed spec Result {
39 silly cache add   raw: 'bcrypt',
39 silly cache add   scope: null,
39 silly cache add   escapedName: 'bcrypt',
39 silly cache add   name: 'bcrypt',
39 silly cache add   rawSpec: '',
39 silly cache add   spec: 'latest',
39 silly cache add   type: 'tag' }
40 silly addNamed bcrypt@latest
41 verbose addNamed "latest" is being treated as a dist-tag for bcrypt
42 info addNameTag [ 'bcrypt', 'latest' ]
43 silly mapToRegistry name bcrypt
44 silly mapToRegistry using default registry
45 silly mapToRegistry registry https://registry.npmjs.org/
46 silly mapToRegistry data Result {
46 silly mapToRegistry   raw: 'bcrypt',
46 silly mapToRegistry   scope: null,
46 silly mapToRegistry   escapedName: 'bcrypt',
46 silly mapToRegistry   name: 'bcrypt',
46 silly mapToRegistry   rawSpec: '',
46 silly mapToRegistry   spec: 'latest',
46 silly mapToRegistry   type: 'tag' }
47 silly mapToRegistry uri https://registry.npmjs.org/bcrypt
48 verbose addNameTag registry:https://registry.npmjs.org/bcrypt not in flight; fetching
49 verbose get https://registry.npmjs.org/bcrypt not expired, no request
50 silly addNameTag next cb for bcrypt with tag latest
51 silly addNamed bcrypt@0.8.7
52 verbose addNamed "0.8.7" is a plain semver version for bcrypt
53 silly mapToRegistry name bcrypt
54 silly mapToRegistry using default registry
55 silly mapToRegistry registry https://registry.npmjs.org/
56 silly mapToRegistry data Result {
56 silly mapToRegistry   raw: 'bcrypt',
56 silly mapToRegistry   scope: null,
56 silly mapToRegistry   escapedName: 'bcrypt',
56 silly mapToRegistry   name: 'bcrypt',
56 silly mapToRegistry   rawSpec: '',
56 silly mapToRegistry   spec: 'latest',
56 silly mapToRegistry   type: 'tag' }
57 silly mapToRegistry uri https://registry.npmjs.org/bcrypt
58 verbose addRemoteTarball https://registry.npmjs.org/bcrypt/-/bcrypt-0.8.7.tgz not in flight; adding
59 verbose addRemoteTarball [ 'https://registry.npmjs.org/bcrypt/-/bcrypt-0.8.7.tgz',
59 verbose addRemoteTarball   'bc3875a9afd0a7b2cd231a6a7f218a5ce156b093' ]
60 info retry fetch attempt 1 at 10:58:37 AM
61 info attempt registry request try #1 at 10:58:37 AM
62 http fetch GET https://registry.npmjs.org/bcrypt/-/bcrypt-0.8.7.tgz
63 http fetch 200 https://registry.npmjs.org/bcrypt/-/bcrypt-0.8.7.tgz
64 silly fetchAndShaCheck shasum bc3875a9afd0a7b2cd231a6a7f218a5ce156b093
65 verbose addTmpTarball /var/folders/t7/wg67nsdx2w7_frcbjd25qv740000gn/T/npm-13639-32a394fc/registry.npmjs.org/bcrypt/-/bcrypt-0.8.7.tgz not in flight; adding
66 verbose addTmpTarball already have metadata; skipping unpack for bcrypt@0.8.7
67 verbose correctMkdir /Users/peteregan/.npm correctMkdir not in flight; initializing
68 silly cache afterAdd bcrypt@0.8.7
69 verbose afterAdd /Users/peteregan/.npm/bcrypt/0.8.7/package/package.json not in flight; writing
70 verbose correctMkdir /Users/peteregan/.npm correctMkdir not in flight; initializing
71 verbose afterAdd /Users/peteregan/.npm/bcrypt/0.8.7/package/package.json written
72 silly fetchNamedPackageData bindings
73 silly mapToRegistry name bindings
74 silly mapToRegistry using default registry
75 silly mapToRegistry registry https://registry.npmjs.org/
76 silly mapToRegistry data Result {
76 silly mapToRegistry   raw: 'bindings',
76 silly mapToRegistry   scope: null,
76 silly mapToRegistry   escapedName: 'bindings',
76 silly mapToRegistry   name: 'bindings',
76 silly mapToRegistry   rawSpec: '',
76 silly mapToRegistry   spec: 'latest',
76 silly mapToRegistry   type: 'tag' }
77 silly mapToRegistry uri https://registry.npmjs.org/bindings
78 silly fetchNamedPackageData nan
79 silly mapToRegistry name nan
80 silly mapToRegistry using default registry
81 silly mapToRegistry registry https://registry.npmjs.org/
82 silly mapToRegistry data Result {
82 silly mapToRegistry   raw: 'nan',
82 silly mapToRegistry   scope: null,
82 silly mapToRegistry   escapedName: 'nan',
82 silly mapToRegistry   name: 'nan',
82 silly mapToRegistry   rawSpec: '',
82 silly mapToRegistry   spec: 'latest',
82 silly mapToRegistry   type: 'tag' }
83 silly mapToRegistry uri https://registry.npmjs.org/nan
84 verbose request uri https://registry.npmjs.org/bindings
85 verbose request no auth needed
86 info attempt registry request try #1 at 10:58:37 AM
87 http request GET https://registry.npmjs.org/bindings
88 verbose request uri https://registry.npmjs.org/nan
89 verbose request no auth needed
90 info attempt registry request try #1 at 10:58:37 AM
91 verbose etag "1YJEPM5V4XH0MZT0HV3B8R9BB"
92 http request GET https://registry.npmjs.org/nan
93 http 200 https://registry.npmjs.org/bindings
94 verbose headers { server: 'nginx/1.10.1',
94 verbose headers   'content-type': 'application/json',
94 verbose headers   'last-modified': 'Tue, 18 Oct 2016 15:54:59 GMT',
94 verbose headers   etag: 'W/"580645d3-46f7"',
94 verbose headers   'content-encoding': 'gzip',
94 verbose headers   'cache-control': 'max-age=300',
94 verbose headers   'content-length': '3493',
94 verbose headers   'accept-ranges': 'bytes',
94 verbose headers   date: 'Sun, 20 Nov 2016 18:58:37 GMT',
94 verbose headers   via: '1.1 varnish',
94 verbose headers   age: '4',
94 verbose headers   connection: 'keep-alive',
94 verbose headers   'x-served-by': 'cache-lax8631-LAX',
94 verbose headers   'x-cache': 'HIT',
94 verbose headers   'x-cache-hits': '1',
94 verbose headers   'x-timer': 'S1479668317.920675,VS0,VE0',
94 verbose headers   vary: 'Accept-Encoding' }
95 silly get cb [ 200,
95 silly get   { server: 'nginx/1.10.1',
95 silly get     'content-type': 'application/json',
95 silly get     'last-modified': 'Tue, 18 Oct 2016 15:54:59 GMT',
95 silly get     etag: 'W/"580645d3-46f7"',
95 silly get     'content-encoding': 'gzip',
95 silly get     'cache-control': 'max-age=300',
95 silly get     'content-length': '3493',
95 silly get     'accept-ranges': 'bytes',
95 silly get     date: 'Sun, 20 Nov 2016 18:58:37 GMT',
95 silly get     via: '1.1 varnish',
95 silly get     age: '4',
95 silly get     connection: 'keep-alive',
95 silly get     'x-served-by': 'cache-lax8631-LAX',
95 silly get     'x-cache': 'HIT',
95 silly get     'x-cache-hits': '1',
95 silly get     'x-timer': 'S1479668317.920675,VS0,VE0',
95 silly get     vary: 'Accept-Encoding' } ]
96 verbose get saving bindings to /Users/peteregan/.npm/registry.npmjs.org/bindings/.cache.json
97 verbose correctMkdir /Users/peteregan/.npm correctMkdir not in flight; initializing
98 silly resolveWithNewModule bindings@1.2.1 checking installable status
99 silly cache add args [ 'bindings@1.2.1', null ]
100 verbose cache add spec bindings@1.2.1
101 silly cache add parsed spec Result {
101 silly cache add   raw: 'bindings@1.2.1',
101 silly cache add   scope: null,
101 silly cache add   escapedName: 'bindings',
101 silly cache add   name: 'bindings',
101 silly cache add   rawSpec: '1.2.1',
101 silly cache add   spec: '1.2.1',
101 silly cache add   type: 'version' }
102 silly addNamed bindings@1.2.1
103 verbose addNamed "1.2.1" is a plain semver version for bindings
104 silly mapToRegistry name bindings
105 silly mapToRegistry using default registry
106 silly mapToRegistry registry https://registry.npmjs.org/
107 silly mapToRegistry data Result {
107 silly mapToRegistry   raw: 'bindings',
107 silly mapToRegistry   scope: null,
107 silly mapToRegistry   escapedName: 'bindings',
107 silly mapToRegistry   name: 'bindings',
107 silly mapToRegistry   rawSpec: '',
107 silly mapToRegistry   spec: 'latest',
107 silly mapToRegistry   type: 'tag' }
108 silly mapToRegistry uri https://registry.npmjs.org/bindings
109 verbose addNameVersion registry:https://registry.npmjs.org/bindings not in flight; fetching
110 verbose get https://registry.npmjs.org/bindings not expired, no request
111 silly mapToRegistry name bindings
112 silly mapToRegistry using default registry
113 silly mapToRegistry registry https://registry.npmjs.org/
114 silly mapToRegistry data Result {
114 silly mapToRegistry   raw: 'bindings',
114 silly mapToRegistry   scope: null,
114 silly mapToRegistry   escapedName: 'bindings',
114 silly mapToRegistry   name: 'bindings',
114 silly mapToRegistry   rawSpec: '',
114 silly mapToRegistry   spec: 'latest',
114 silly mapToRegistry   type: 'tag' }
115 silly mapToRegistry uri https://registry.npmjs.org/bindings
116 verbose addRemoteTarball https://registry.npmjs.org/bindings/-/bindings-1.2.1.tgz not in flight; adding
117 verbose addRemoteTarball [ 'https://registry.npmjs.org/bindings/-/bindings-1.2.1.tgz',
117 verbose addRemoteTarball   '14ad6113812d2d37d72e67b4cacb4bb726505f11' ]
118 info retry fetch attempt 1 at 10:58:37 AM
119 info attempt registry request try #1 at 10:58:37 AM
120 http fetch GET https://registry.npmjs.org/bindings/-/bindings-1.2.1.tgz
121 http fetch 200 https://registry.npmjs.org/bindings/-/bindings-1.2.1.tgz
122 silly fetchAndShaCheck shasum 14ad6113812d2d37d72e67b4cacb4bb726505f11
123 verbose addTmpTarball /var/folders/t7/wg67nsdx2w7_frcbjd25qv740000gn/T/npm-13639-32a394fc/registry.npmjs.org/bindings/-/bindings-1.2.1.tgz not in flight; adding
124 verbose addTmpTarball already have metadata; skipping unpack for bindings@1.2.1
125 verbose correctMkdir /Users/peteregan/.npm correctMkdir not in flight; initializing
126 silly cache afterAdd bindings@1.2.1
127 verbose afterAdd /Users/peteregan/.npm/bindings/1.2.1/package/package.json not in flight; writing
128 verbose correctMkdir /Users/peteregan/.npm correctMkdir not in flight; initializing
129 verbose afterAdd /Users/peteregan/.npm/bindings/1.2.1/package/package.json written
130 http 200 https://registry.npmjs.org/nan
131 verbose headers { server: 'nginx/1.10.1',
131 verbose headers   'content-type': 'application/json',
131 verbose headers   'last-modified': 'Tue, 01 Nov 2016 17:56:25 GMT',
131 verbose headers   etag: 'W/"5818d749-1ce1e"',
131 verbose headers   'content-encoding': 'gzip',
131 verbose headers   'cache-control': 'max-age=300',
131 verbose headers   'content-length': '14063',
131 verbose headers   'accept-ranges': 'bytes',
131 verbose headers   date: 'Sun, 20 Nov 2016 18:58:37 GMT',
131 verbose headers   via: '1.1 varnish',
131 verbose headers   age: '265',
131 verbose headers   connection: 'keep-alive',
131 verbose headers   'x-served-by': 'cache-lax8632-LAX',
131 verbose headers   'x-cache': 'HIT',
131 verbose headers   'x-cache-hits': '1',
131 verbose headers   'x-timer': 'S1479668317.969058,VS0,VE0',
131 verbose headers   vary: 'Accept-Encoding' }
132 silly get cb [ 200,
132 silly get   { server: 'nginx/1.10.1',
132 silly get     'content-type': 'application/json',
132 silly get     'last-modified': 'Tue, 01 Nov 2016 17:56:25 GMT',
132 silly get     etag: 'W/"5818d749-1ce1e"',
132 silly get     'content-encoding': 'gzip',
132 silly get     'cache-control': 'max-age=300',
132 silly get     'content-length': '14063',
132 silly get     'accept-ranges': 'bytes',
132 silly get     date: 'Sun, 20 Nov 2016 18:58:37 GMT',
132 silly get     via: '1.1 varnish',
132 silly get     age: '265',
132 silly get     connection: 'keep-alive',
132 silly get     'x-served-by': 'cache-lax8632-LAX',
132 silly get     'x-cache': 'HIT',
132 silly get     'x-cache-hits': '1',
132 silly get     'x-timer': 'S1479668317.969058,VS0,VE0',
132 silly get     vary: 'Accept-Encoding' } ]
133 verbose get saving nan to /Users/peteregan/.npm/registry.npmjs.org/nan/.cache.json
134 verbose correctMkdir /Users/peteregan/.npm correctMkdir not in flight; initializing
135 silly resolveWithNewModule nan@2.3.5 checking installable status
136 silly cache add args [ 'nan@2.3.5', null ]
137 verbose cache add spec nan@2.3.5
138 silly cache add parsed spec Result {
138 silly cache add   raw: 'nan@2.3.5',
138 silly cache add   scope: null,
138 silly cache add   escapedName: 'nan',
138 silly cache add   name: 'nan',
138 silly cache add   rawSpec: '2.3.5',
138 silly cache add   spec: '2.3.5',
138 silly cache add   type: 'version' }
139 silly addNamed nan@2.3.5
140 verbose addNamed "2.3.5" is a plain semver version for nan
141 silly mapToRegistry name nan
142 silly mapToRegistry using default registry
143 silly mapToRegistry registry https://registry.npmjs.org/
144 silly mapToRegistry data Result {
144 silly mapToRegistry   raw: 'nan',
144 silly mapToRegistry   scope: null,
144 silly mapToRegistry   escapedName: 'nan',
144 silly mapToRegistry   name: 'nan',
144 silly mapToRegistry   rawSpec: '',
144 silly mapToRegistry   spec: 'latest',
144 silly mapToRegistry   type: 'tag' }
145 silly mapToRegistry uri https://registry.npmjs.org/nan
146 verbose addNameVersion registry:https://registry.npmjs.org/nan not in flight; fetching
147 verbose get https://registry.npmjs.org/nan not expired, no request
148 silly mapToRegistry name nan
149 silly mapToRegistry using default registry
150 silly mapToRegistry registry https://registry.npmjs.org/
151 silly mapToRegistry data Result {
151 silly mapToRegistry   raw: 'nan',
151 silly mapToRegistry   scope: null,
151 silly mapToRegistry   escapedName: 'nan',
151 silly mapToRegistry   name: 'nan',
151 silly mapToRegistry   rawSpec: '',
151 silly mapToRegistry   spec: 'latest',
151 silly mapToRegistry   type: 'tag' }
152 silly mapToRegistry uri https://registry.npmjs.org/nan
153 verbose addRemoteTarball https://registry.npmjs.org/nan/-/nan-2.3.5.tgz not in flight; adding
154 verbose addRemoteTarball [ 'https://registry.npmjs.org/nan/-/nan-2.3.5.tgz',
154 verbose addRemoteTarball   '822a0dc266290ce4cd3a12282ca3e7e364668a08' ]
155 info retry fetch attempt 1 at 10:58:38 AM
156 info attempt registry request try #1 at 10:58:38 AM
157 http fetch GET https://registry.npmjs.org/nan/-/nan-2.3.5.tgz
158 http fetch 200 https://registry.npmjs.org/nan/-/nan-2.3.5.tgz
159 silly fetchAndShaCheck shasum 822a0dc266290ce4cd3a12282ca3e7e364668a08
160 verbose addTmpTarball /var/folders/t7/wg67nsdx2w7_frcbjd25qv740000gn/T/npm-13639-32a394fc/registry.npmjs.org/nan/-/nan-2.3.5.tgz not in flight; adding
161 verbose addTmpTarball already have metadata; skipping unpack for nan@2.3.5
162 verbose correctMkdir /Users/peteregan/.npm correctMkdir not in flight; initializing
163 silly cache afterAdd nan@2.3.5
164 verbose afterAdd /Users/peteregan/.npm/nan/2.3.5/package/package.json not in flight; writing
165 verbose correctMkdir /Users/peteregan/.npm correctMkdir not in flight; initializing
166 verbose afterAdd /Users/peteregan/.npm/nan/2.3.5/package/package.json written
167 silly loadAllDepsIntoIdealTree Finishing
168 silly loadIdealTree Finishing
169 silly currentTree knownOrigin@
169 silly currentTree ├── babel-runtime@6.18.0
169 silly currentTree ├── core-js@2.4.1
169 silly currentTree ├─┬ meteor-node-stubs@0.2.4
169 silly currentTree │ ├── asn1.js@4.9.0
169 silly currentTree │ ├── assert@1.4.1
169 silly currentTree │ ├── base64-js@1.2.0
169 silly currentTree │ ├── Base64@0.2.1
169 silly currentTree │ ├── bn.js@4.11.6
169 silly currentTree │ ├── brorand@1.0.6
169 silly currentTree │ ├── browserify-aes@1.0.6
169 silly currentTree │ ├── browserify-cipher@1.0.0
169 silly currentTree │ ├── browserify-des@1.0.0
169 silly currentTree │ ├── browserify-rsa@4.0.1
169 silly currentTree │ ├── browserify-sign@4.0.0
169 silly currentTree │ ├── browserify-zlib@0.1.4
169 silly currentTree │ ├── buffer-shims@1.0.0
169 silly currentTree │ ├── buffer-xor@1.0.3
169 silly currentTree │ ├── buffer@4.9.1
169 silly currentTree │ ├── cipher-base@1.0.3
169 silly currentTree │ ├── console-browserify@1.1.0
169 silly currentTree │ ├── constants-browserify@1.0.0
169 silly currentTree │ ├── core-util-is@1.0.2
169 silly currentTree │ ├── create-ecdh@4.0.0
169 silly currentTree │ ├── create-hash@1.1.2
169 silly currentTree │ ├── create-hmac@1.1.4
169 silly currentTree │ ├── crypto-browserify@3.11.0
169 silly currentTree │ ├── date-now@0.1.4
169 silly currentTree │ ├── des.js@1.0.0
169 silly currentTree │ ├── diffie-hellman@5.0.2
169 silly currentTree │ ├── domain-browser@1.1.7
169 silly currentTree │ ├── elliptic@6.3.2
169 silly currentTree │ ├── events@1.1.1
169 silly currentTree │ ├── evp_bytestokey@1.0.0
169 silly currentTree │ ├── hash.js@1.0.3
169 silly currentTree │ ├── http-browserify@1.7.0
169 silly currentTree │ ├── https-browserify@0.0.1
169 silly currentTree │ ├── ieee754@1.1.8
169 silly currentTree │ ├── indexof@0.0.1
169 silly currentTree │ ├── inherits@2.0.1
169 silly currentTree │ ├── isarray@1.0.0
169 silly currentTree │ ├── miller-rabin@4.0.0
169 silly currentTree │ ├── minimalistic-assert@1.0.0
169 silly currentTree │ ├── os-browserify@0.2.1
169 silly currentTree │ ├── pako@0.2.9
169 silly currentTree │ ├── parse-asn1@5.0.0
169 silly currentTree │ ├── path-browserify@0.0.0
169 silly currentTree │ ├── pbkdf2@3.0.9
169 silly currentTree │ ├── process-nextick-args@1.0.7
169 silly currentTree │ ├── process@0.11.9
169 silly currentTree │ ├── public-encrypt@4.0.0
169 silly currentTree │ ├── punycode@1.4.1
169 silly currentTree │ ├── querystring-es3@0.2.1
169 silly currentTree │ ├── querystring@0.2.0
169 silly currentTree │ ├── randombytes@2.0.3
169 silly currentTree │ ├── readable-stream@2.2.1
169 silly currentTree │ ├── ripemd160@1.0.1
169 silly currentTree │ ├── sha.js@2.4.8
169 silly currentTree │ ├── stream-browserify@2.0.1
169 silly currentTree │ ├── string_decoder@0.10.31
169 silly currentTree │ ├── timers-browserify@1.4.2
169 silly currentTree │ ├── tty-browserify@0.0.0
169 silly currentTree │ ├─┬ url@0.11.0
169 silly currentTree │ │ └── punycode@1.3.2
169 silly currentTree │ ├── util-deprecate@1.0.2
169 silly currentTree │ ├── util@0.10.3
169 silly currentTree │ └── vm-browserify@0.0.4
169 silly currentTree └── regenerator-runtime@0.9.6
170 silly idealTree knownOrigin@
170 silly idealTree ├── babel-runtime@6.18.0
170 silly idealTree ├── bcrypt@0.8.7
170 silly idealTree ├── bindings@1.2.1
170 silly idealTree ├── core-js@2.4.1
170 silly idealTree ├─┬ meteor-node-stubs@0.2.4
170 silly idealTree │ ├── asn1.js@4.9.0
170 silly idealTree │ ├── assert@1.4.1
170 silly idealTree │ ├── base64-js@1.2.0
170 silly idealTree │ ├── Base64@0.2.1
170 silly idealTree │ ├── bn.js@4.11.6
170 silly idealTree │ ├── brorand@1.0.6
170 silly idealTree │ ├── browserify-aes@1.0.6
170 silly idealTree │ ├── browserify-cipher@1.0.0
170 silly idealTree │ ├── browserify-des@1.0.0
170 silly idealTree │ ├── browserify-rsa@4.0.1
170 silly idealTree │ ├── browserify-sign@4.0.0
170 silly idealTree │ ├── browserify-zlib@0.1.4
170 silly idealTree │ ├── buffer-shims@1.0.0
170 silly idealTree │ ├── buffer-xor@1.0.3
170 silly idealTree │ ├── buffer@4.9.1
170 silly idealTree │ ├── cipher-base@1.0.3
170 silly idealTree │ ├── console-browserify@1.1.0
170 silly idealTree │ ├── constants-browserify@1.0.0
170 silly idealTree │ ├── core-util-is@1.0.2
170 silly idealTree │ ├── create-ecdh@4.0.0
170 silly idealTree │ ├── create-hash@1.1.2
170 silly idealTree │ ├── create-hmac@1.1.4
170 silly idealTree │ ├── crypto-browserify@3.11.0
170 silly idealTree │ ├── date-now@0.1.4
170 silly idealTree │ ├── des.js@1.0.0
170 silly idealTree │ ├── diffie-hellman@5.0.2
170 silly idealTree │ ├── domain-browser@1.1.7
170 silly idealTree │ ├── elliptic@6.3.2
170 silly idealTree │ ├── events@1.1.1
170 silly idealTree │ ├── evp_bytestokey@1.0.0
170 silly idealTree │ ├── hash.js@1.0.3
170 silly idealTree │ ├── http-browserify@1.7.0
170 silly idealTree │ ├── https-browserify@0.0.1
170 silly idealTree │ ├── ieee754@1.1.8
170 silly idealTree │ ├── indexof@0.0.1
170 silly idealTree │ ├── inherits@2.0.1
170 silly idealTree │ ├── isarray@1.0.0
170 silly idealTree │ ├── miller-rabin@4.0.0
170 silly idealTree │ ├── minimalistic-assert@1.0.0
170 silly idealTree │ ├── os-browserify@0.2.1
170 silly idealTree │ ├── pako@0.2.9
170 silly idealTree │ ├── parse-asn1@5.0.0
170 silly idealTree │ ├── path-browserify@0.0.0
170 silly idealTree │ ├── pbkdf2@3.0.9
170 silly idealTree │ ├── process-nextick-args@1.0.7
170 silly idealTree │ ├── process@0.11.9
170 silly idealTree │ ├── public-encrypt@4.0.0
170 silly idealTree │ ├── punycode@1.4.1
170 silly idealTree │ ├── querystring-es3@0.2.1
170 silly idealTree │ ├── querystring@0.2.0
170 silly idealTree │ ├── randombytes@2.0.3
170 silly idealTree │ ├── readable-stream@2.2.1
170 silly idealTree │ ├── ripemd160@1.0.1
170 silly idealTree │ ├── sha.js@2.4.8
170 silly idealTree │ ├── stream-browserify@2.0.1
170 silly idealTree │ ├── string_decoder@0.10.31
170 silly idealTree │ ├── timers-browserify@1.4.2
170 silly idealTree │ ├── tty-browserify@0.0.0
170 silly idealTree │ ├─┬ url@0.11.0
170 silly idealTree │ │ └── punycode@1.3.2
170 silly idealTree │ ├── util-deprecate@1.0.2
170 silly idealTree │ ├── util@0.10.3
170 silly idealTree │ └── vm-browserify@0.0.4
170 silly idealTree ├── nan@2.3.5
170 silly idealTree └── regenerator-runtime@0.9.6
171 silly generateActionsToTake Starting
172 silly install generateActionsToTake
173 silly generateActionsToTake Finishing
174 silly diffTrees action count 3
175 silly diffTrees add bindings@1.2.1
176 silly diffTrees add nan@2.3.5
177 silly diffTrees add bcrypt@0.8.7
178 silly decomposeActions action count 24
179 silly decomposeActions fetch bindings@1.2.1
180 silly decomposeActions extract bindings@1.2.1
181 silly decomposeActions test bindings@1.2.1
182 silly decomposeActions preinstall bindings@1.2.1
183 silly decomposeActions build bindings@1.2.1
184 silly decomposeActions install bindings@1.2.1
185 silly decomposeActions postinstall bindings@1.2.1
186 silly decomposeActions finalize bindings@1.2.1
187 silly decomposeActions fetch nan@2.3.5
188 silly decomposeActions extract nan@2.3.5
189 silly decomposeActions test nan@2.3.5
190 silly decomposeActions preinstall nan@2.3.5
191 silly decomposeActions build nan@2.3.5
192 silly decomposeActions install nan@2.3.5
193 silly decomposeActions postinstall nan@2.3.5
194 silly decomposeActions finalize nan@2.3.5
195 silly decomposeActions fetch bcrypt@0.8.7
196 silly decomposeActions extract bcrypt@0.8.7
197 silly decomposeActions test bcrypt@0.8.7
198 silly decomposeActions preinstall bcrypt@0.8.7
199 silly decomposeActions build bcrypt@0.8.7
200 silly decomposeActions install bcrypt@0.8.7
201 silly decomposeActions postinstall bcrypt@0.8.7
202 silly decomposeActions finalize bcrypt@0.8.7
203 silly runTopLevelLifecycles Starting
204 silly executeActions Starting
205 silly install executeActions
206 silly doSerial global-install 0
207 silly doParallel fetch 3
208 verbose correctMkdir /Users/peteregan/.npm/_locks correctMkdir not in flight; initializing
209 verbose lock using /Users/peteregan/.npm/_locks/staging-3d4bf8e6f2a4f1ec.lock for /Users/peteregan/Desktop/knownOrigin/node_modules/.staging
210 silly doParallel extract 3
211 silly extract bindings@1.2.1
212 silly extract nan@2.3.5
213 silly extract bcrypt@0.8.7
214 verbose unbuild node_modules/.staging/bindings-c84c2c4e
215 verbose unbuild node_modules/.staging/nan-0f6b60e3
216 verbose unbuild node_modules/.staging/bcrypt-9c6bb328
217 silly gentlyRm /Users/peteregan/Desktop/knownOrigin/node_modules/.staging/bindings-c84c2c4e is being purged from base /Users/peteregan/Desktop/knownOrigin
218 verbose gentlyRm don't care about contents; nuking /Users/peteregan/Desktop/knownOrigin/node_modules/.staging/bindings-c84c2c4e
219 silly gentlyRm /Users/peteregan/Desktop/knownOrigin/node_modules/.staging/nan-0f6b60e3 is being purged from base /Users/peteregan/Desktop/knownOrigin
220 verbose gentlyRm don't care about contents; nuking /Users/peteregan/Desktop/knownOrigin/node_modules/.staging/nan-0f6b60e3
221 silly gentlyRm /Users/peteregan/Desktop/knownOrigin/node_modules/.staging/bcrypt-9c6bb328 is being purged from base /Users/peteregan/Desktop/knownOrigin
222 verbose gentlyRm don't care about contents; nuking /Users/peteregan/Desktop/knownOrigin/node_modules/.staging/bcrypt-9c6bb328
223 verbose tar unpack /Users/peteregan/.npm/bindings/1.2.1/package.tgz
224 verbose tar unpacking to /Users/peteregan/Desktop/knownOrigin/node_modules/.staging/bindings-c84c2c4e
225 silly gentlyRm /Users/peteregan/Desktop/knownOrigin/node_modules/.staging/bindings-c84c2c4e is being purged
226 verbose gentlyRm don't care about contents; nuking /Users/peteregan/Desktop/knownOrigin/node_modules/.staging/bindings-c84c2c4e
227 verbose tar unpack /Users/peteregan/.npm/nan/2.3.5/package.tgz
228 verbose tar unpacking to /Users/peteregan/Desktop/knownOrigin/node_modules/.staging/nan-0f6b60e3
229 silly gentlyRm /Users/peteregan/Desktop/knownOrigin/node_modules/.staging/nan-0f6b60e3 is being purged
230 verbose gentlyRm don't care about contents; nuking /Users/peteregan/Desktop/knownOrigin/node_modules/.staging/nan-0f6b60e3
231 verbose tar unpack /Users/peteregan/.npm/bcrypt/0.8.7/package.tgz
232 verbose tar unpacking to /Users/peteregan/Desktop/knownOrigin/node_modules/.staging/bcrypt-9c6bb328
233 silly gentlyRm /Users/peteregan/Desktop/knownOrigin/node_modules/.staging/bcrypt-9c6bb328 is being purged
234 verbose gentlyRm don't care about contents; nuking /Users/peteregan/Desktop/knownOrigin/node_modules/.staging/bcrypt-9c6bb328
235 silly gunzTarPerm modes [ '755', '644' ]
236 silly gunzTarPerm modes [ '755', '644' ]
237 silly gunzTarPerm modes [ '755', '644' ]
238 silly gunzTarPerm extractEntry package.json
239 silly gunzTarPerm extractEntry package.json
240 silly gunzTarPerm modified mode [ 'package.json', 436, 420 ]
241 silly gunzTarPerm extractEntry package.json
242 silly gunzTarPerm extractEntry README.md
243 silly gunzTarPerm extractEntry bindings.js
244 silly gunzTarPerm extractEntry README.md
245 silly gunzTarPerm modified mode [ 'README.md', 436, 420 ]
246 silly gunzTarPerm extractEntry .npmignore
247 silly gunzTarPerm extractEntry README.md
248 silly gunzTarPerm extractEntry include_dirs.js
249 silly gunzTarPerm modified mode [ 'include_dirs.js', 436, 420 ]
250 silly gunzTarPerm extractEntry nan_converters.h
251 silly gunzTarPerm modified mode [ 'nan_converters.h', 436, 420 ]
252 silly gunzTarPerm extractEntry LICENSE.md
253 silly gunzTarPerm modified mode [ 'LICENSE.md', 436, 420 ]
254 silly gunzTarPerm extractEntry doc/node_misc.md
255 silly gunzTarPerm modified mode [ 'doc/node_misc.md', 436, 420 ]
256 silly gunzTarPerm extractEntry LICENSE
257 silly gunzTarPerm extractEntry bcrypt.js
258 silly gunzTarPerm extractEntry Makefile
259 silly gunzTarPerm extractEntry .travis.yml
260 silly gunzTarPerm extractEntry CHANGELOG.md
261 silly gunzTarPerm extractEntry binding.gyp
262 silly gunzTarPerm extractEntry examples/async_compare.js
263 silly gunzTarPerm extractEntry examples/forever_gen_salt.js
264 silly gunzTarPerm extractEntry test/async.js
265 silly gunzTarPerm extractEntry test/repetitions.js
266 silly gunzTarPerm extractEntry test/sync.js
267 silly gunzTarPerm extractEntry ISSUE_TEMPLATE.md
268 silly gunzTarPerm extractEntry src/bcrypt.cc
269 silly gunzTarPerm extractEntry src/bcrypt_node.cc
270 silly gunzTarPerm extractEntry src/blowfish.cc
271 silly gunzTarPerm extractEntry src/node_blf.h
272 silly gunzTarPerm extractEntry werker.yml
273 silly gunzTarPerm extractEntry doc/asyncworker.md
274 silly gunzTarPerm modified mode [ 'doc/asyncworker.md', 436, 420 ]
275 silly gunzTarPerm extractEntry doc/callback.md
276 silly gunzTarPerm modified mode [ 'doc/callback.md', 436, 420 ]
277 silly gunzTarPerm extractEntry doc/converters.md
278 silly gunzTarPerm modified mode [ 'doc/converters.md', 436, 420 ]
279 silly gunzTarPerm extractEntry doc/errors.md
280 silly gunzTarPerm modified mode [ 'doc/errors.md', 436, 420 ]
281 silly gunzTarPerm extractEntry doc/maybe_types.md
282 silly gunzTarPerm modified mode [ 'doc/maybe_types.md', 436, 420 ]
283 silly gunzTarPerm extractEntry doc/methods.md
284 silly gunzTarPerm modified mode [ 'doc/methods.md', 436, 420 ]
285 silly gunzTarPerm extractEntry doc/new.md
286 silly gunzTarPerm modified mode [ 'doc/new.md', 436, 420 ]
287 silly gentlyRm /Users/peteregan/Desktop/knownOrigin/node_modules/.staging/bindings-c84c2c4e/node_modules is being purged
288 verbose gentlyRm don't care about contents; nuking /Users/peteregan/Desktop/knownOrigin/node_modules/.staging/bindings-c84c2c4e/node_modules
289 silly gunzTarPerm extractEntry doc/buffers.md
290 silly gunzTarPerm modified mode [ 'doc/buffers.md', 436, 420 ]
291 silly gunzTarPerm extractEntry doc/object_wrappers.md
292 silly gunzTarPerm modified mode [ 'doc/object_wrappers.md', 436, 420 ]
293 silly gunzTarPerm extractEntry doc/persistent.md
294 silly gunzTarPerm modified mode [ 'doc/persistent.md', 436, 420 ]
295 silly gunzTarPerm extractEntry doc/scopes.md
296 silly gunzTarPerm modified mode [ 'doc/scopes.md', 436, 420 ]
297 silly gunzTarPerm extractEntry doc/script.md
298 silly gunzTarPerm modified mode [ 'doc/script.md', 436, 420 ]
299 silly gunzTarPerm extractEntry doc/string_bytes.md
300 silly gunzTarPerm modified mode [ 'doc/string_bytes.md', 436, 420 ]
301 silly gunzTarPerm extractEntry doc/v8_internals.md
302 silly gunzTarPerm modified mode [ 'doc/v8_internals.md', 436, 420 ]
303 silly gunzTarPerm extractEntry doc/v8_misc.md
304 silly gunzTarPerm modified mode [ 'doc/v8_misc.md', 436, 420 ]
305 silly gunzTarPerm extractEntry nan.h
306 silly gunzTarPerm modified mode [ 'nan.h', 436, 420 ]
307 silly gunzTarPerm extractEntry nan_callbacks.h
308 silly gunzTarPerm modified mode [ 'nan_callbacks.h', 436, 420 ]
309 silly gunzTarPerm extractEntry nan_callbacks_12_inl.h
310 silly gunzTarPerm modified mode [ 'nan_callbacks_12_inl.h', 436, 420 ]
311 silly gunzTarPerm extractEntry nan_callbacks_pre_12_inl.h
312 silly gunzTarPerm modified mode [ 'nan_callbacks_pre_12_inl.h', 436, 420 ]
313 silly gunzTarPerm extractEntry nan_converters_43_inl.h
314 silly gunzTarPerm modified mode [ 'nan_converters_43_inl.h', 436, 420 ]
315 silly gunzTarPerm extractEntry nan_converters_pre_43_inl.h
316 silly gunzTarPerm modified mode [ 'nan_converters_pre_43_inl.h', 436, 420 ]
317 silly gunzTarPerm extractEntry nan_implementation_12_inl.h
318 silly gunzTarPerm modified mode [ 'nan_implementation_12_inl.h', 436, 420 ]
319 silly gunzTarPerm extractEntry nan_implementation_pre_12_inl.h
320 silly gunzTarPerm modified mode [ 'nan_implementation_pre_12_inl.h', 436, 420 ]
321 silly gunzTarPerm extractEntry nan_maybe_43_inl.h
322 silly gunzTarPerm modified mode [ 'nan_maybe_43_inl.h', 436, 420 ]
323 silly gunzTarPerm extractEntry nan_maybe_pre_43_inl.h
324 silly gunzTarPerm modified mode [ 'nan_maybe_pre_43_inl.h', 436, 420 ]
325 silly gunzTarPerm extractEntry nan_new.h
326 silly gunzTarPerm modified mode [ 'nan_new.h', 436, 420 ]
327 silly gunzTarPerm extractEntry nan_object_wrap.h
328 silly gunzTarPerm modified mode [ 'nan_object_wrap.h', 436, 420 ]
329 silly gunzTarPerm extractEntry nan_persistent_12_inl.h
330 silly gunzTarPerm modified mode [ 'nan_persistent_12_inl.h', 436, 420 ]
331 silly gunzTarPerm extractEntry nan_persistent_pre_12_inl.h
332 silly gunzTarPerm modified mode [ 'nan_persistent_pre_12_inl.h', 436, 420 ]
333 silly gunzTarPerm extractEntry nan_string_bytes.h
334 silly gunzTarPerm modified mode [ 'nan_string_bytes.h', 436, 420 ]
335 silly gunzTarPerm extractEntry nan_typedarray_contents.h
336 silly gunzTarPerm modified mode [ 'nan_typedarray_contents.h', 436, 420 ]
337 silly gunzTarPerm extractEntry nan_weak.h
338 silly gunzTarPerm modified mode [ 'nan_weak.h', 436, 420 ]
339 silly gunzTarPerm extractEntry CHANGELOG.md
340 silly gunzTarPerm modified mode [ 'CHANGELOG.md', 436, 420 ]
341 silly gunzTarPerm extractEntry tools/package.json
342 silly gunzTarPerm modified mode [ 'tools/package.json', 436, 420 ]
343 silly gunzTarPerm extractEntry tools/README.md
344 silly gunzTarPerm modified mode [ 'tools/README.md', 436, 420 ]
345 silly gunzTarPerm extractEntry tools/1to2.js
346 silly gunzTarPerm modified mode [ 'tools/1to2.js', 509, 493 ]
347 silly gentlyRm /Users/peteregan/Desktop/knownOrigin/node_modules/.staging/bcrypt-9c6bb328/node_modules is being purged
348 verbose gentlyRm don't care about contents; nuking /Users/peteregan/Desktop/knownOrigin/node_modules/.staging/bcrypt-9c6bb328/node_modules
349 silly gentlyRm /Users/peteregan/Desktop/knownOrigin/node_modules/.staging/nan-0f6b60e3/node_modules is being purged
350 verbose gentlyRm don't care about contents; nuking /Users/peteregan/Desktop/knownOrigin/node_modules/.staging/nan-0f6b60e3/node_modules
351 silly doParallel preinstall 3
352 silly preinstall bindings@1.2.1 /Users/peteregan/Desktop/knownOrigin/node_modules/.staging/bindings-c84c2c4e
353 info lifecycle bindings@1.2.1~preinstall: bindings@1.2.1
354 silly preinstall nan@2.3.5 /Users/peteregan/Desktop/knownOrigin/node_modules/.staging/nan-0f6b60e3
355 info lifecycle nan@2.3.5~preinstall: nan@2.3.5
356 silly preinstall bcrypt@0.8.7 /Users/peteregan/Desktop/knownOrigin/node_modules/.staging/bcrypt-9c6bb328
357 info lifecycle bcrypt@0.8.7~preinstall: bcrypt@0.8.7
358 silly lifecycle bindings@1.2.1~preinstall: no script for preinstall, continuing
359 silly lifecycle nan@2.3.5~preinstall: no script for preinstall, continuing
360 silly lifecycle bcrypt@0.8.7~preinstall: no script for preinstall, continuing
361 silly doReverseSerial remove 0
362 silly doSerial move 0
363 silly doSerial finalize 3
364 silly finalize /Users/peteregan/Desktop/knownOrigin/node_modules/bindings
365 silly finalize /Users/peteregan/Desktop/knownOrigin/node_modules/nan
366 silly finalize /Users/peteregan/Desktop/knownOrigin/node_modules/bcrypt
367 silly doSerial build 3
368 silly build bindings@1.2.1
369 info linkStuff bindings@1.2.1
370 silly linkStuff bindings@1.2.1 has /Users/peteregan/Desktop/knownOrigin/node_modules as its parent node_modules
371 verbose linkBins bindings@1.2.1
372 verbose linkMans bindings@1.2.1
373 silly build nan@2.3.5
374 info linkStuff nan@2.3.5
375 silly linkStuff nan@2.3.5 has /Users/peteregan/Desktop/knownOrigin/node_modules as its parent node_modules
376 verbose linkBins nan@2.3.5
377 verbose linkMans nan@2.3.5
378 silly build bcrypt@0.8.7
379 info linkStuff bcrypt@0.8.7
380 silly linkStuff bcrypt@0.8.7 has /Users/peteregan/Desktop/knownOrigin/node_modules as its parent node_modules
381 verbose linkBins bcrypt@0.8.7
382 verbose linkMans bcrypt@0.8.7
383 silly doSerial global-link 0
384 silly doParallel update-linked 0
385 silly doSerial install 3
386 silly install bindings@1.2.1 /Users/peteregan/Desktop/knownOrigin/node_modules/.staging/bindings-c84c2c4e
387 info lifecycle bindings@1.2.1~install: bindings@1.2.1
388 silly lifecycle bindings@1.2.1~install: no script for install, continuing
389 silly install nan@2.3.5 /Users/peteregan/Desktop/knownOrigin/node_modules/.staging/nan-0f6b60e3
390 info lifecycle nan@2.3.5~install: nan@2.3.5
391 silly lifecycle nan@2.3.5~install: no script for install, continuing
392 silly install bcrypt@0.8.7 /Users/peteregan/Desktop/knownOrigin/node_modules/.staging/bcrypt-9c6bb328
393 info lifecycle bcrypt@0.8.7~install: bcrypt@0.8.7
394 verbose lifecycle bcrypt@0.8.7~install: unsafe-perm in lifecycle true
395 verbose lifecycle bcrypt@0.8.7~install: PATH: /Users/peteregan/.meteor/packages/meteor-tool/.1.4.2_3.2fydw3++os.osx.x86_64+web.browser+web.cordova/mt-os.osx.x86_64/dev_bundle/lib/node_modules/npm/bin/node-gyp-bin:/Users/peteregan/Desktop/knownOrigin/node_modules/bcrypt/node_modules/.bin:/Users/peteregan/Desktop/knownOrigin/node_modules/.bin:/Users/peteregan/.meteor/packages/meteor-tool/.1.4.2_3.2fydw3++os.osx.x86_64+web.browser+web.cordova/mt-os.osx.x86_64/dev_bundle/bin:/Users/peteregan/.meteor/packages/meteor-tool/.1.4.2_3.2fydw3++os.osx.x86_64+web.browser+web.cordova/mt-os.osx.x86_64/dev_bundle/lib/node_modules/.bin:/bin:/Users/peteregan/.node/bin:/usr/local/share/npm/bin/:/usr/local/bin/npm:/Users/peteregan/local/bin:/usr/local/heroku/bin:/Users/peteregan/.rbenv/bin:/Users/peteregan/.rbenv/shims:/Users/peteregan/.rbenv/shims:/usr/local/bin:/usr/bin:/bin:/usr/sbin:/sbin
396 verbose lifecycle bcrypt@0.8.7~install: CWD: /Users/peteregan/Desktop/knownOrigin/node_modules/bcrypt
397 silly lifecycle bcrypt@0.8.7~install: Args: [ '-c', 'node-gyp rebuild' ]
398 silly lifecycle bcrypt@0.8.7~install: Returned: code: 1  signal: null
399 info lifecycle bcrypt@0.8.7~install: Failed to exec install script
400 verbose unlock done using /Users/peteregan/.npm/_locks/staging-3d4bf8e6f2a4f1ec.lock for /Users/peteregan/Desktop/knownOrigin/node_modules/.staging
401 silly rollbackFailedOptional Starting
402 silly rollbackFailedOptional Finishing
403 silly runTopLevelLifecycles Finishing
404 silly install printInstalled
405 verbose stack Error: bcrypt@0.8.7 install: `node-gyp rebuild`
405 verbose stack Exit status 1
405 verbose stack     at EventEmitter.<anonymous> (/Users/peteregan/.meteor/packages/meteor-tool/.1.4.2_3.2fydw3++os.osx.x86_64+web.browser+web.cordova/mt-os.osx.x86_64/dev_bundle/lib/node_modules/npm/lib/utils/lifecycle.js:255:16)
405 verbose stack     at emitTwo (events.js:87:13)
405 verbose stack     at EventEmitter.emit (events.js:172:7)
405 verbose stack     at ChildProcess.<anonymous> (/Users/peteregan/.meteor/packages/meteor-tool/.1.4.2_3.2fydw3++os.osx.x86_64+web.browser+web.cordova/mt-os.osx.x86_64/dev_bundle/lib/node_modules/npm/lib/utils/spawn.js:40:14)
405 verbose stack     at emitTwo (events.js:87:13)
405 verbose stack     at ChildProcess.emit (events.js:172:7)
405 verbose stack     at maybeClose (internal/child_process.js:854:16)
405 verbose stack     at Process.ChildProcess._handle.onexit (internal/child_process.js:222:5)
406 verbose pkgid bcrypt@0.8.7
407 verbose cwd /Users/peteregan/Desktop/knownOrigin
408 error Darwin 15.6.0
409 error argv "/Users/peteregan/.meteor/packages/meteor-tool/.1.4.2_3.2fydw3++os.osx.x86_64+web.browser+web.cordova/mt-os.osx.x86_64/dev_bundle/bin/node" "/Users/peteregan/.meteor/packages/meteor-tool/.1.4.2_3.2fydw3++os.osx.x86_64+web.browser+web.cordova/mt-os.osx.x86_64/dev_bundle/bin/npm" "install" "--save" "bcrypt"
410 error node v4.6.2
411 error npm  v3.10.9
412 error code ELIFECYCLE
413 error bcrypt@0.8.7 install: `node-gyp rebuild`
413 error Exit status 1
414 error Failed at the bcrypt@0.8.7 install script 'node-gyp rebuild'.
414 error Make sure you have the latest version of node.js and npm installed.
414 error If you do, this is most likely a problem with the bcrypt package,
414 error not with npm itself.
414 error Tell the author that this fails on your system:
414 error     node-gyp rebuild
414 error You can get information on how to open an issue for this project with:
414 error     npm bugs bcrypt
414 error Or if that isn't available, you can get their info via:
414 error     npm owner ls bcrypt
414 error There is likely additional logging output above.
415 verbose exit [ 1, true ]
